<?xml version="1.0" encoding="UTF-8"?>
<!-- Generated by org.testng.reporters.JUnitXMLReporter -->
<testsuite hostname="YP1004621DT" name="LoginByExcelSheet" tests="5" failures="0" timestamp="12 Jan 2016 12:43:16 GMT" time="61.721" errors="0">
  <testcase name="testLogin" time="11.455" classname="com.yash.bartersuite.Testcase.Login.Login_TC"/>
  <testcase name="testLogin" time="11.267" classname="com.yash.bartersuite.Testcase.Login.Login_TC"/>
  <testcase name="testLogin" time="11.863" classname="com.yash.bartersuite.Testcase.Login.Login_TC"/>
  <testcase name="testLogin" time="16.817" classname="com.yash.bartersuite.Testcase.Login.Login_TC"/>
  <testcase name="Logout" time="1.529" classname="com.yash.bartersuite.Testcase.Login.Login_TC"/>
</testsuite> <!-- LoginByExcelSheet -->
