<?xml version="1.0" encoding="UTF-8"?>
<!-- Generated by org.testng.reporters.JUnitXMLReporter -->
<testsuite ignored="1" hostname="YP1000555DT" failures="3" tests="4" name="Barter Sanity Suit" time="12.987" errors="0" timestamp="29 Mar 2018 10:36:38 GMT">
  <testcase classname="com.yash.RMS.Testcase.Transaction.Testcase_ProjectAllocation" name="Transaction_ProjectAllocationNavigation" time="2.232">
    <failure type="java.lang.NullPointerException">
      <![CDATA[java.lang.NullPointerException
at com.yash.RMS.POM.Transaction.PageObjects_ProjectAllocation.Link_Transaction(PageObjects_ProjectAllocation.java:19)
at com.yash.RMS.TestAction.Transaction.Action_ProjectAllocation.ProjectAllocationPageNavigation(Action_ProjectAllocation.java:44)
at com.yash.RMS.Testcase.Transaction.Testcase_ProjectAllocation.Transaction_ProjectAllocationNavigation(Testcase_ProjectAllocation.java:53)
at com.yash.RMS.CustomProperties.XML.XMLRead(XML.java:545)
at com.yash.RMS.CustomProperties.Main.main(Main.java:13)
... Removed 22 stack frames]]>
    </failure>
  </testcase> <!-- Transaction_ProjectAllocationNavigation -->
  <testcase classname="com.yash.RMS.Testcase.Transaction.Testcase_ProjectAllocation" name="Transaction_AddNewResourceToProject" time="1.836">
    <failure type="java.lang.NullPointerException">
      <![CDATA[java.lang.NullPointerException
at com.yash.RMS.POM.Transaction.PageObjects_ProjectAllocation.txtbox_ProjectSerach(PageObjects_ProjectAllocation.java:30)
at com.yash.RMS.TestAction.Transaction.Action_ProjectAllocation.AddNewResourceToProject(Action_ProjectAllocation.java:889)
at com.yash.RMS.Testcase.Transaction.Testcase_ProjectAllocation.Transaction_AddNewResourceToProject(Testcase_ProjectAllocation.java:126)
at com.yash.RMS.CustomProperties.XML.XMLRead(XML.java:545)
at com.yash.RMS.CustomProperties.Main.main(Main.java:13)
... Removed 22 stack frames]]>
    </failure>
  </testcase> <!-- Transaction_AddNewResourceToProject -->
  <testcase classname="com.yash.RMS.Testcase.Transaction.Testcase_ProjectAllocation" name="Transaction_EditFResourceDetails" time="7.151"/>
  <testcase classname="com.yash.RMS.Testcase.Transaction.Testcase_ProjectAllocation" name="Transaction_DeleteResourceFromProject" time="1.75">
    <failure type="java.lang.NullPointerException">
      <![CDATA[java.lang.NullPointerException
at com.yash.RMS.POM.Transaction.PageObjects_ProjectAllocation.link_ProjectList(PageObjects_ProjectAllocation.java:160)
at com.yash.RMS.TestAction.Transaction.Action_ProjectAllocation.DeleteResourceFromProject(Action_ProjectAllocation.java:1154)
at com.yash.RMS.Testcase.Transaction.Testcase_ProjectAllocation.Transaction_DeleteResourceFromProject(Testcase_ProjectAllocation.java:166)
at com.yash.RMS.CustomProperties.XML.XMLRead(XML.java:545)
at com.yash.RMS.CustomProperties.Main.main(Main.java:13)
... Removed 22 stack frames]]>
    </failure>
  </testcase> <!-- Transaction_DeleteResourceFromProject -->
  <testcase classname="com.yash.RMS.Testcase.Login.TestCase_Login" name="login" time="0.0">
    <ignored/>
  </testcase> <!-- login -->
</testsuite> <!-- Barter Sanity Suit -->
