<?xml version="1.0" encoding="UTF-8"?>
<!-- Generated by org.testng.reporters.JUnitXMLReporter -->
<testsuite hostname="YP1004764DT" name="Login_Verification" tests="6" failures="0" timestamp="16 Mar 2016 10:18:06 GMT" time="125.204" errors="0">
  <testcase name="LoginVerification_Perametrize" time="15.86" classname="com.yash.bartersuite.Testcase.Login.Testcase_LoginVerification"/>
  <testcase name="LoginVerification_Perametrize" time="15.146" classname="com.yash.bartersuite.Testcase.Login.Testcase_LoginVerification"/>
  <testcase name="LoginVerification_Perametrize" time="14.147" classname="com.yash.bartersuite.Testcase.Login.Testcase_LoginVerification"/>
  <testcase name="LoginVerification_Perametrize" time="15.383" classname="com.yash.bartersuite.Testcase.Login.Testcase_LoginVerification"/>
  <testcase name="Add_SalesOrderCustomerValidation" time="44.516" classname="com.yash.bartersuite.Testcase.Salesorder.Testcase_AddNewSalesOrderValidation_Customer"/>
  <testcase name="BroserQuit" time="1.058" classname="com.yash.bartersuite.Setup.BrowserQuit"/>
</testsuite> <!-- Login_Verification -->
