<?xml version="1.0" encoding="UTF-8"?>
<!-- Generated by org.testng.reporters.JUnitXMLReporter -->
<testsuite hostname="YP1001035DT" name="SO_Sanity" tests="1" failures="1" timestamp="28 Jun 2016 10:58:54 GMT" time="1.278" errors="0">
  <testcase name="Discounted_Amount_Calculation" time="1.26" classname="com.yash.bartersuite.Testcase.SalesOrder.TestCase_SalesOrder">
    <failure type="java.lang.NullPointerException">
      <![CDATA[java.lang.NullPointerException
	at com.yash.bartersuite.TestAction.Salesplan.CommonActions_SP.Navigation(CommonActions_SP.java:19)
	at com.yash.bartersuite.TestAction.Salesplan.SP_Creation.SPcreate_excel(SP_Creation.java:45)
	at com.yash.bartersuite.Testcase.SalesOrder.TestCase_SalesOrder.Discounted_Amount_Calculation(TestCase_SalesOrder.java:539)
	at com.yash.bartersuite.CustomProperties.XML.XMLRead(XML.java:323)
	at com.yash.bartersuite.CustomProperties.Main.main(Main.java:13)
... Removed 22 stack frames]]>
    </failure>
  </testcase> <!-- Discounted_Amount_Calculation -->
</testsuite> <!-- SO_Sanity -->
