<?xml version="1.0" encoding="UTF-8"?>
<!-- Generated by org.testng.reporters.JUnitXMLReporter -->
<testsuite hostname="YP1004621DT" name="AddingSingleGrainTrader" tests="2" failures="0" timestamp="12 Jan 2016 12:51:18 GMT" time="85.129" errors="0">
  <testcase name="login" time="1.03" classname="com.yash.bartersuite.Testcase.Salesorder.Testcase01_AddSingleGrainTrader"/>
  <testcase name="AddSingleGrain" time="75.633" classname="com.yash.bartersuite.Testcase.Salesorder.Testcase01_AddSingleGrainTrader"/>
</testsuite> <!-- AddingSingleGrainTrader -->
