<?xml version="1.0" encoding="UTF-8"?>
<!-- Generated by org.testng.reporters.JUnitXMLReporter -->
<testsuite hostname="YP1004621DT" name="AddingmultipleGrainTrader" tests="2" failures="0" timestamp="12 Jan 2016 12:51:39 GMT" time="21.239" errors="0">
  <testcase name="login" time="0.87" classname="com.yash.bartersuite.Testcase.Salesorder.Testcase02_AddMultipleGrainTrader"/>
  <testcase name="AddMultipleGrain" time="11.058" classname="com.yash.bartersuite.Testcase.Salesorder.Testcase02_AddMultipleGrainTrader"/>
</testsuite> <!-- AddingmultipleGrainTrader -->
