<?xml version="1.0" encoding="UTF-8"?>
<!-- Generated by org.testng.reporters.JUnitXMLReporter -->
<testsuite hostname="YP1004621DT" name="Login and SalesOrder_Cusotmer" tests="4" failures="0" timestamp="23 Feb 2016 06:28:01 GMT" time="96.128" errors="0">
  <testcase name="Validlogin" time="16.684" classname="com.yash.bartersuite.Testcase.Login.Testcase_ValidLogin"/>
  <testcase name="Add_SalesOrderCustomerValidation" time="30.603" classname="com.yash.bartersuite.Testcase.Salesorder.Testcase03_AddSalesOrderCustomer"/>
  <testcase name="Add_SalesOrderCustomerFileUpload" time="22.575" classname="com.yash.bartersuite.Testcase.Salesorder.Testcase03_AddSalesOrderCustomer"/>
  <testcase name="Add_SalesOrderCustomerCancel" time="11.101" classname="com.yash.bartersuite.Testcase.Salesorder.Testcase03_AddSalesOrderCustomer"/>
</testsuite> <!-- Login and SalesOrder_Cusotmer -->
