<?xml version="1.0" encoding="UTF-8"?>
<testsuite name="Login and SalesOrder_Cusotmer"
           tests="3"
           failures="0"
           errors="0"
           skipped="0"
           time="52.556">
  <properties />
  
  
            <testcase name="Add_SalesOrderTraderUploadFile" time="29.213" classname="com.yash.bartersuite.Testcase.Salesorder.Testcase04_AddSalesOrderTrader" />
                <testcase name="Add_SalesOrderTraderCancel" time="5.088" classname="com.yash.bartersuite.Testcase.Salesorder.Testcase04_AddSalesOrderTrader" />
                <testcase name="Add_SalesOrderTraderValidation" time="18.255" classname="com.yash.bartersuite.Testcase.Salesorder.Testcase04_AddSalesOrderTrader" />
      
</testsuite>
