<?xml version="1.0" encoding="UTF-8"?>
<testng-results ignored="1" total="5" passed="1" failed="3" skipped="0">
  <reporter-output>
    <line>
      <![CDATA[</table>]]>
    </line>
    <line>
      <![CDATA[<table border=1px; style= width:100%;color=#808080;body bgcolor=#F5DEB3><tr align=center><th width=15% >Scenario 1 _Transaction_Project Allocation Page Navigation Scenario</th></tr></table>]]>
    </line>
    <line>
      <![CDATA[<table border=1px; style= width:100%;color=#808080>  <tr font-family:Georgia, Garamond, Serif><th width=2%;body bgcolor=#BDBDBD>Testcase ID</th> <th width=20%;body bgcolor=#BDBDBD>Testcase Description</th> <th width=20%;body bgcolor=#BDBDBD>Input Value</th> <th width=20%;body bgcolor=#BDBDBD>Expected Value</th> <th width=20% ;body bgcolor=#BDBDBD>Actual Value</th> <th width=18% ;body bgcolor=#BDBDBD>Result</th></tr>]]>
    </line>
    <line>
      <![CDATA[</table>]]>
    </line>
    <line>
      <![CDATA[<table border=1px; style= width:100%;color=#808080;body bgcolor=#F5DEB3><tr align=center><th width=15% >Scenario 2 _Transaction_Project Allocation_Add New Resource To Project Scenario</th></tr></table>]]>
    </line>
    <line>
      <![CDATA[<table border=1px; style= width:100%;color=#808080>  <tr font-family:Georgia, Garamond, Serif><th width=2%;body bgcolor=#BDBDBD>Testcase ID</th> <th width=20%;body bgcolor=#BDBDBD>Testcase Description</th> <th width=20%;body bgcolor=#BDBDBD>Input Value</th> <th width=20%;body bgcolor=#BDBDBD>Expected Value</th> <th width=20% ;body bgcolor=#BDBDBD>Actual Value</th> <th width=18% ;body bgcolor=#BDBDBD>Result</th></tr>]]>
    </line>
    <line>
      <![CDATA[</table>]]>
    </line>
    <line>
      <![CDATA[<table border=1px; style= width:100%;color=#808080;body bgcolor=#F5DEB3><tr align=center><th width=15% >Scenario 3 _Transaction_Project Allocation_Edit Project Details Scenario</th></tr></table>]]>
    </line>
    <line>
      <![CDATA[<table border=1px; style= width:100%;color=#808080>  <tr font-family:Georgia, Garamond, Serif><th width=2%;body bgcolor=#BDBDBD>Testcase ID</th> <th width=20%;body bgcolor=#BDBDBD>Testcase Description</th> <th width=20%;body bgcolor=#BDBDBD>Input Value</th> <th width=20%;body bgcolor=#BDBDBD>Expected Value</th> <th width=20% ;body bgcolor=#BDBDBD>Actual Value</th> <th width=18% ;body bgcolor=#BDBDBD>Result</th></tr>]]>
    </line>
    <line>
      <![CDATA[</table>]]>
    </line>
    <line>
      <![CDATA[</table>]]>
    </line>
    <line>
      <![CDATA[<table border=1px; style= width:100%;color=#808080;body bgcolor=#F5DEB3><tr align=center><th width=15% >Scenario 4 _Transaction_Project Allocation_Delete Resource From Project Scenario</th></tr></table>]]>
    </line>
    <line>
      <![CDATA[<table border=1px; style= width:100%;color=#808080>  <tr font-family:Georgia, Garamond, Serif><th width=2%;body bgcolor=#BDBDBD>Testcase ID</th> <th width=20%;body bgcolor=#BDBDBD>Testcase Description</th> <th width=20%;body bgcolor=#BDBDBD>Input Value</th> <th width=20%;body bgcolor=#BDBDBD>Expected Value</th> <th width=20% ;body bgcolor=#BDBDBD>Actual Value</th> <th width=18% ;body bgcolor=#BDBDBD>Result</th></tr>]]>
    </line>
  </reporter-output>
  <suite started-at="2018-03-29T10:36:23Z" name="End_To_End_Suite" finished-at="2018-03-29T10:36:36Z" duration-ms="12987">
    <groups>
    </groups>
    <test started-at="2018-03-29T10:36:23Z" name="Barter Sanity Suit" finished-at="2018-03-29T10:36:36Z" duration-ms="12987">
      <class name="com.yash.RMS.Testcase.Transaction.Testcase_ProjectAllocation">
        <test-method signature="Transaction_ProjectAllocationNavigation()[pri:1, instance:com.yash.RMS.Testcase.Transaction.Testcase_ProjectAllocation@1af687fe]" started-at="2018-03-29T10:36:23Z" name="Transaction_ProjectAllocationNavigation" finished-at="2018-03-29T10:36:25Z" duration-ms="2232" status="FAIL">
          <exception class="java.lang.NullPointerException">
            <full-stacktrace>
              <![CDATA[java.lang.NullPointerException
at com.yash.RMS.POM.Transaction.PageObjects_ProjectAllocation.Link_Transaction(PageObjects_ProjectAllocation.java:19)
at com.yash.RMS.TestAction.Transaction.Action_ProjectAllocation.ProjectAllocationPageNavigation(Action_ProjectAllocation.java:44)
at com.yash.RMS.Testcase.Transaction.Testcase_ProjectAllocation.Transaction_ProjectAllocationNavigation(Testcase_ProjectAllocation.java:53)
at java.base/jdk.internal.reflect.NativeMethodAccessorImpl.invoke0(Native Method)
at java.base/jdk.internal.reflect.NativeMethodAccessorImpl.invoke(Unknown Source)
at java.base/jdk.internal.reflect.DelegatingMethodAccessorImpl.invoke(Unknown Source)
at java.base/java.lang.reflect.Method.invoke(Unknown Source)
at org.testng.internal.MethodInvocationHelper.invokeMethod(MethodInvocationHelper.java:124)
at org.testng.internal.Invoker.invokeMethod(Invoker.java:580)
at org.testng.internal.Invoker.invokeTestMethod(Invoker.java:716)
at org.testng.internal.Invoker.invokeTestMethods(Invoker.java:988)
at org.testng.internal.TestMethodWorker.invokeTestMethods(TestMethodWorker.java:125)
at org.testng.internal.TestMethodWorker.run(TestMethodWorker.java:109)
at org.testng.TestRunner.privateRun(TestRunner.java:648)
at org.testng.TestRunner.run(TestRunner.java:505)
at org.testng.SuiteRunner.runTest(SuiteRunner.java:455)
at org.testng.SuiteRunner.runSequentially(SuiteRunner.java:450)
at org.testng.SuiteRunner.privateRun(SuiteRunner.java:415)
at org.testng.SuiteRunner.run(SuiteRunner.java:364)
at org.testng.SuiteRunnerWorker.runSuite(SuiteRunnerWorker.java:52)
at org.testng.SuiteRunnerWorker.run(SuiteRunnerWorker.java:84)
at org.testng.TestNG.runSuitesSequentially(TestNG.java:1208)
at org.testng.TestNG.runSuitesLocally(TestNG.java:1137)
at org.testng.TestNG.runSuites(TestNG.java:1049)
at org.testng.TestNG.run(TestNG.java:1017)
at com.yash.RMS.CustomProperties.XML.XMLRead(XML.java:545)
at com.yash.RMS.CustomProperties.Main.main(Main.java:13)
]]>
            </full-stacktrace>
          </exception> <!-- java.lang.NullPointerException -->
          <reporter-output>
            <line>
              <![CDATA[</table>]]>
            </line>
            <line>
              <![CDATA[<table border=1px; style= width:100%;color=#808080;body bgcolor=#F5DEB3><tr align=center><th width=15% >Scenario 1 _Transaction_Project Allocation Page Navigation Scenario</th></tr></table>]]>
            </line>
            <line>
              <![CDATA[<table border=1px; style= width:100%;color=#808080>  <tr font-family:Georgia, Garamond, Serif><th width=2%;body bgcolor=#BDBDBD>Testcase ID</th> <th width=20%;body bgcolor=#BDBDBD>Testcase Description</th> <th width=20%;body bgcolor=#BDBDBD>Input Value</th> <th width=20%;body bgcolor=#BDBDBD>Expected Value</th> <th width=20% ;body bgcolor=#BDBDBD>Actual Value</th> <th width=18% ;body bgcolor=#BDBDBD>Result</th></tr>]]>
            </line>
          </reporter-output>
        </test-method> <!-- Transaction_ProjectAllocationNavigation -->
        <test-method signature="Transaction_AddNewResourceToProject()[pri:2, instance:com.yash.RMS.Testcase.Transaction.Testcase_ProjectAllocation@1af687fe]" started-at="2018-03-29T10:36:25Z" name="Transaction_AddNewResourceToProject" finished-at="2018-03-29T10:36:27Z" duration-ms="1836" status="FAIL">
          <exception class="java.lang.NullPointerException">
            <full-stacktrace>
              <![CDATA[java.lang.NullPointerException
at com.yash.RMS.POM.Transaction.PageObjects_ProjectAllocation.txtbox_ProjectSerach(PageObjects_ProjectAllocation.java:30)
at com.yash.RMS.TestAction.Transaction.Action_ProjectAllocation.AddNewResourceToProject(Action_ProjectAllocation.java:889)
at com.yash.RMS.Testcase.Transaction.Testcase_ProjectAllocation.Transaction_AddNewResourceToProject(Testcase_ProjectAllocation.java:126)
at java.base/jdk.internal.reflect.NativeMethodAccessorImpl.invoke0(Native Method)
at java.base/jdk.internal.reflect.NativeMethodAccessorImpl.invoke(Unknown Source)
at java.base/jdk.internal.reflect.DelegatingMethodAccessorImpl.invoke(Unknown Source)
at java.base/java.lang.reflect.Method.invoke(Unknown Source)
at org.testng.internal.MethodInvocationHelper.invokeMethod(MethodInvocationHelper.java:124)
at org.testng.internal.Invoker.invokeMethod(Invoker.java:580)
at org.testng.internal.Invoker.invokeTestMethod(Invoker.java:716)
at org.testng.internal.Invoker.invokeTestMethods(Invoker.java:988)
at org.testng.internal.TestMethodWorker.invokeTestMethods(TestMethodWorker.java:125)
at org.testng.internal.TestMethodWorker.run(TestMethodWorker.java:109)
at org.testng.TestRunner.privateRun(TestRunner.java:648)
at org.testng.TestRunner.run(TestRunner.java:505)
at org.testng.SuiteRunner.runTest(SuiteRunner.java:455)
at org.testng.SuiteRunner.runSequentially(SuiteRunner.java:450)
at org.testng.SuiteRunner.privateRun(SuiteRunner.java:415)
at org.testng.SuiteRunner.run(SuiteRunner.java:364)
at org.testng.SuiteRunnerWorker.runSuite(SuiteRunnerWorker.java:52)
at org.testng.SuiteRunnerWorker.run(SuiteRunnerWorker.java:84)
at org.testng.TestNG.runSuitesSequentially(TestNG.java:1208)
at org.testng.TestNG.runSuitesLocally(TestNG.java:1137)
at org.testng.TestNG.runSuites(TestNG.java:1049)
at org.testng.TestNG.run(TestNG.java:1017)
at com.yash.RMS.CustomProperties.XML.XMLRead(XML.java:545)
at com.yash.RMS.CustomProperties.Main.main(Main.java:13)
]]>
            </full-stacktrace>
          </exception> <!-- java.lang.NullPointerException -->
          <reporter-output>
            <line>
              <![CDATA[</table>]]>
            </line>
            <line>
              <![CDATA[<table border=1px; style= width:100%;color=#808080;body bgcolor=#F5DEB3><tr align=center><th width=15% >Scenario 2 _Transaction_Project Allocation_Add New Resource To Project Scenario</th></tr></table>]]>
            </line>
            <line>
              <![CDATA[<table border=1px; style= width:100%;color=#808080>  <tr font-family:Georgia, Garamond, Serif><th width=2%;body bgcolor=#BDBDBD>Testcase ID</th> <th width=20%;body bgcolor=#BDBDBD>Testcase Description</th> <th width=20%;body bgcolor=#BDBDBD>Input Value</th> <th width=20%;body bgcolor=#BDBDBD>Expected Value</th> <th width=20% ;body bgcolor=#BDBDBD>Actual Value</th> <th width=18% ;body bgcolor=#BDBDBD>Result</th></tr>]]>
            </line>
          </reporter-output>
        </test-method> <!-- Transaction_AddNewResourceToProject -->
        <test-method signature="Transaction_EditFResourceDetails()[pri:3, instance:com.yash.RMS.Testcase.Transaction.Testcase_ProjectAllocation@1af687fe]" started-at="2018-03-29T10:36:27Z" name="Transaction_EditFResourceDetails" finished-at="2018-03-29T10:36:34Z" duration-ms="7151" status="PASS">
          <reporter-output>
            <line>
              <![CDATA[</table>]]>
            </line>
            <line>
              <![CDATA[<table border=1px; style= width:100%;color=#808080;body bgcolor=#F5DEB3><tr align=center><th width=15% >Scenario 3 _Transaction_Project Allocation_Edit Project Details Scenario</th></tr></table>]]>
            </line>
            <line>
              <![CDATA[<table border=1px; style= width:100%;color=#808080>  <tr font-family:Georgia, Garamond, Serif><th width=2%;body bgcolor=#BDBDBD>Testcase ID</th> <th width=20%;body bgcolor=#BDBDBD>Testcase Description</th> <th width=20%;body bgcolor=#BDBDBD>Input Value</th> <th width=20%;body bgcolor=#BDBDBD>Expected Value</th> <th width=20% ;body bgcolor=#BDBDBD>Actual Value</th> <th width=18% ;body bgcolor=#BDBDBD>Result</th></tr>]]>
            </line>
            <line>
              <![CDATA[</table>]]>
            </line>
          </reporter-output>
        </test-method> <!-- Transaction_EditFResourceDetails -->
        <test-method signature="Transaction_DeleteResourceFromProject()[pri:4, instance:com.yash.RMS.Testcase.Transaction.Testcase_ProjectAllocation@1af687fe]" started-at="2018-03-29T10:36:34Z" name="Transaction_DeleteResourceFromProject" finished-at="2018-03-29T10:36:36Z" duration-ms="1750" status="FAIL">
          <exception class="java.lang.NullPointerException">
            <full-stacktrace>
              <![CDATA[java.lang.NullPointerException
at com.yash.RMS.POM.Transaction.PageObjects_ProjectAllocation.link_ProjectList(PageObjects_ProjectAllocation.java:160)
at com.yash.RMS.TestAction.Transaction.Action_ProjectAllocation.DeleteResourceFromProject(Action_ProjectAllocation.java:1154)
at com.yash.RMS.Testcase.Transaction.Testcase_ProjectAllocation.Transaction_DeleteResourceFromProject(Testcase_ProjectAllocation.java:166)
at java.base/jdk.internal.reflect.NativeMethodAccessorImpl.invoke0(Native Method)
at java.base/jdk.internal.reflect.NativeMethodAccessorImpl.invoke(Unknown Source)
at java.base/jdk.internal.reflect.DelegatingMethodAccessorImpl.invoke(Unknown Source)
at java.base/java.lang.reflect.Method.invoke(Unknown Source)
at org.testng.internal.MethodInvocationHelper.invokeMethod(MethodInvocationHelper.java:124)
at org.testng.internal.Invoker.invokeMethod(Invoker.java:580)
at org.testng.internal.Invoker.invokeTestMethod(Invoker.java:716)
at org.testng.internal.Invoker.invokeTestMethods(Invoker.java:988)
at org.testng.internal.TestMethodWorker.invokeTestMethods(TestMethodWorker.java:125)
at org.testng.internal.TestMethodWorker.run(TestMethodWorker.java:109)
at org.testng.TestRunner.privateRun(TestRunner.java:648)
at org.testng.TestRunner.run(TestRunner.java:505)
at org.testng.SuiteRunner.runTest(SuiteRunner.java:455)
at org.testng.SuiteRunner.runSequentially(SuiteRunner.java:450)
at org.testng.SuiteRunner.privateRun(SuiteRunner.java:415)
at org.testng.SuiteRunner.run(SuiteRunner.java:364)
at org.testng.SuiteRunnerWorker.runSuite(SuiteRunnerWorker.java:52)
at org.testng.SuiteRunnerWorker.run(SuiteRunnerWorker.java:84)
at org.testng.TestNG.runSuitesSequentially(TestNG.java:1208)
at org.testng.TestNG.runSuitesLocally(TestNG.java:1137)
at org.testng.TestNG.runSuites(TestNG.java:1049)
at org.testng.TestNG.run(TestNG.java:1017)
at com.yash.RMS.CustomProperties.XML.XMLRead(XML.java:545)
at com.yash.RMS.CustomProperties.Main.main(Main.java:13)
]]>
            </full-stacktrace>
          </exception> <!-- java.lang.NullPointerException -->
          <reporter-output>
            <line>
              <![CDATA[</table>]]>
            </line>
            <line>
              <![CDATA[<table border=1px; style= width:100%;color=#808080;body bgcolor=#F5DEB3><tr align=center><th width=15% >Scenario 4 _Transaction_Project Allocation_Delete Resource From Project Scenario</th></tr></table>]]>
            </line>
            <line>
              <![CDATA[<table border=1px; style= width:100%;color=#808080>  <tr font-family:Georgia, Garamond, Serif><th width=2%;body bgcolor=#BDBDBD>Testcase ID</th> <th width=20%;body bgcolor=#BDBDBD>Testcase Description</th> <th width=20%;body bgcolor=#BDBDBD>Input Value</th> <th width=20%;body bgcolor=#BDBDBD>Expected Value</th> <th width=20% ;body bgcolor=#BDBDBD>Actual Value</th> <th width=18% ;body bgcolor=#BDBDBD>Result</th></tr>]]>
            </line>
          </reporter-output>
        </test-method> <!-- Transaction_DeleteResourceFromProject -->
        <test-method is-config="true" signature="SetupClose()[pri:0, instance:com.yash.RMS.Testcase.Transaction.Testcase_ProjectAllocation@1af687fe]" started-at="2018-03-29T10:36:36Z" name="SetupClose" finished-at="2018-03-29T10:36:36Z" duration-ms="1" status="PASS">
          <reporter-output>
          </reporter-output>
        </test-method> <!-- SetupClose -->
      </class> <!-- com.yash.RMS.Testcase.Transaction.Testcase_ProjectAllocation -->
    </test> <!-- Barter Sanity Suit -->
  </suite> <!-- End_To_End_Suite -->
</testng-results>
